#
# A fatal error has been detected by the Java Runtime Environment:
#
#  EXCEPTION_ACCESS_VIOLATION (0xc0000005) at pc=0x6d8ea27e, pid=1180, tid=6084
#
# JRE version: 6.0_24-b07
# Java VM: Java HotSpot(TM) Client VM (19.1-b02 mixed mode, sharing windows-x86 )
# Problematic frame:
# V  [jvm.dll+0xfa27e]
#
# If you would like to submit a bug report, please visit:
#   http://java.sun.com/webapps/bugreport/crash.jsp
#

---------------  T H R E A D  ---------------

Current thread (0x03c0fc00):  JavaThread "Java2D Disposer" daemon [_thread_in_vm, id=6084, stack(0x03c90000,0x03ce0000)]

siginfo: ExceptionCode=0xc0000005, reading address 0x00000000

Registers:
EAX=0x0168aac8, EBX=0x00000000, ECX=0x00000000, EDX=0x03cdf8c0
ESP=0x03cdf8b0, EBP=0x03cdf944, ESI=0x03c0fc00, EDI=0x03b7ea10
EIP=0x6d8ea27e, EFLAGS=0x00010202

Register to memory mapping:

EAX=0x0168aac8
0x0168aac8 is pointing to unknown location

EBX=0x00000000
0x00000000 is pointing to unknown location

ECX=0x00000000
0x00000000 is pointing to unknown location

EDX=0x03cdf8c0
0x03cdf8c0 is pointing into the stack for thread: 0x03c0fc00
"Java2D Disposer" daemon prio=10 tid=0x03c0fc00 nid=0x17c4 runnable [0x03cdf000]
   java.lang.Thread.State: RUNNABLE

ESP=0x03cdf8b0
0x03cdf8b0 is pointing into the stack for thread: 0x03c0fc00
"Java2D Disposer" daemon prio=10 tid=0x03c0fc00 nid=0x17c4 runnable [0x03cdf000]
   java.lang.Thread.State: RUNNABLE

EBP=0x03cdf944
0x03cdf944 is pointing into the stack for thread: 0x03c0fc00
"Java2D Disposer" daemon prio=10 tid=0x03c0fc00 nid=0x17c4 runnable [0x03cdf000]
   java.lang.Thread.State: RUNNABLE

ESI=0x03c0fc00
"Java2D Disposer" daemon prio=10 tid=0x03c0fc00 nid=0x17c4 runnable [0x03cdf000]
   java.lang.Thread.State: RUNNABLE

EDI=0x03b7ea10
0x03b7ea10 is pointing to unknown location


Top of Stack: (sp=0x03cdf8b0)
0x03cdf8b0:   016788a4 03c0fd18 03c0fc00 383254d0
0x03cdf8c0:   0168aac8 6d9a36ec 03c0fc00 000014dd
0x03cdf8d0:   0000002b 012f7838 6d89d162 000014dd
0x03cdf8e0:   016801c4 03cdfa00 6d9620f4 03cdf8c0
0x03cdf8f0:   03cdf8e1 00000001 00000008 03c0fc00
0x03cdf900:   6da6c254 00000000 0168aad0 6d963bf6
0x03cdf910:   03cdf940 6d7f1086 03c0fc00 01678cb0
0x03cdf920:   03c0fc00 03c0fd18 03cdf91c 0168a6a0 

Instructions: (pc=0x6d8ea27e)
0x6d8ea26e:   b0 8b 55 a8 8b 45 f4 89 04 8a ff 45 b0 8b 5d fc
0x6d8ea27e:   8b 03 8b 48 08 0f b7 51 2a 8b 40 0c 8b 4c 90 24 


Stack: [0x03c90000,0x03ce0000],  sp=0x03cdf8b0,  free space=318k
Native frames: (J=compiled Java code, j=interpreted, Vv=VM code, C=native code)
V  [jvm.dll+0xfa27e]
V  [jvm.dll+0xfd0c7]
C  [awt.dll+0x6c7cc]
j  java.awt.Cursor.finalizeImpl(J)V+0
j  java.awt.Cursor.access$000(J)V+1
j  java.awt.Cursor$CursorDisposer.dispose()V+13
j  sun.java2d.Disposer.run()V+26
j  java.lang.Thread.run()V+11
v  ~StubRoutines::call_stub
V  [jvm.dll+0xf0ab9]
V  [jvm.dll+0x1837d1]
V  [jvm.dll+0xf0c61]
V  [jvm.dll+0xf0cbb]
V  [jvm.dll+0x11b4b9]
V  [jvm.dll+0x1e4624]
V  [jvm.dll+0x18317c]
C  [msvcr71.dll+0x9565]
C  [kernel32.dll+0x51194]
C  [ntdll.dll+0x5b429]
C  [ntdll.dll+0x5b3fc]

Java frames: (J=compiled Java code, j=interpreted, Vv=VM code)
j  java.awt.Cursor.finalizeImpl(J)V+0
j  java.awt.Cursor.access$000(J)V+1
j  java.awt.Cursor$CursorDisposer.dispose()V+13
j  sun.java2d.Disposer.run()V+26
j  java.lang.Thread.run()V+11
v  ~StubRoutines::call_stub

---------------  P R O C E S S  ---------------

Java Threads: ( => current thread )
  0x016d7c00 JavaThread "Thread-1" daemon [_thread_in_native, id=1660, stack(0x04570000,0x045c0000)]
  0x012f9800 JavaThread "DestroyJavaVM" [_thread_blocked, id=1036, stack(0x00230000,0x00280000)]
  0x03c49c00 JavaThread "AWT-EventQueue-0" [_thread_blocked, id=6036, stack(0x04050000,0x040a0000)]
  0x03c46800 JavaThread "Timer-0" [_thread_blocked, id=6076, stack(0x04000000,0x04050000)]
  0x03c3c400 JavaThread "AWT-Shutdown" [_thread_blocked, id=5064, stack(0x03f00000,0x03f50000)]
=>0x03c0fc00 JavaThread "Java2D Disposer" daemon [_thread_in_vm, id=6084, stack(0x03c90000,0x03ce0000)]
  0x01688800 JavaThread "Low Memory Detector" daemon [_thread_blocked, id=488, stack(0x039f0000,0x03a40000)]
  0x0167f400 JavaThread "CompilerThread0" daemon [_thread_blocked, id=5912, stack(0x039a0000,0x039f0000)]
  0x0167e400 JavaThread "Attach Listener" daemon [_thread_blocked, id=3856, stack(0x03950000,0x039a0000)]
  0x0167d400 JavaThread "Signal Dispatcher" daemon [_thread_blocked, id=4352, stack(0x03900000,0x03950000)]
  0x01670c00 JavaThread "Finalizer" daemon [_thread_blocked, id=4372, stack(0x038b0000,0x03900000)]
  0x0166c400 JavaThread "Reference Handler" daemon [_thread_blocked, id=3224, stack(0x03860000,0x038b0000)]

Other Threads:
  0x01630800 VMThread [stack: 0x03810000,0x03860000] [id=1460]
  0x016ab800 WatcherThread [stack: 0x03a40000,0x03a90000] [id=4980]

VM state:not at safepoint (normal execution)

VM Mutex/Monitor currently owned by a thread: None

Heap
 def new generation   total 4928K, used 231K [0x237f0000, 0x23d40000, 0x28d40000)
  eden space 4416K,   5% used [0x237f0000, 0x23827750, 0x23c40000)
  from space 512K,   1% used [0x23c40000, 0x23c42698, 0x23cc0000)
  to   space 512K,   0% used [0x23cc0000, 0x23cc0000, 0x23d40000)
 tenured generation   total 10944K, used 7818K [0x28d40000, 0x297f0000, 0x337f0000)
   the space 10944K,  71% used [0x28d40000, 0x294e2810, 0x294e2a00, 0x297f0000)
 compacting perm gen  total 14336K, used 14308K [0x337f0000, 0x345f0000, 0x377f0000)
   the space 14336K,  99% used [0x337f0000, 0x345e9090, 0x345e9200, 0x345f0000)
    ro space 10240K,  51% used [0x377f0000, 0x37d1cf58, 0x37d1d000, 0x381f0000)
    rw space 12288K,  54% used [0x381f0000, 0x38888f50, 0x38889000, 0x38df0000)

Dynamic libraries:
0x00400000 - 0x00424000 	Z:\Program Files\Java\jre6\bin\javaw.exe
0x77250000 - 0x7738d000 	Z:\Windows\SYSTEM32\ntdll.dll
0x75e40000 - 0x75f14000 	Z:\Windows\system32\kernel32.dll
0x75540000 - 0x7558a000 	Z:\Windows\system32\KERNELBASE.dll
0x76560000 - 0x76600000 	Z:\Windows\system32\ADVAPI32.dll
0x764b0000 - 0x7655c000 	Z:\Windows\system32\msvcrt.dll
0x75f20000 - 0x75f39000 	Z:\Windows\SYSTEM32\sechost.dll
0x75830000 - 0x758d1000 	Z:\Windows\system32\RPCRT4.dll
0x761d0000 - 0x76299000 	Z:\Windows\system32\USER32.dll
0x758e0000 - 0x7592e000 	Z:\Windows\system32\GDI32.dll
0x773a0000 - 0x773aa000 	Z:\Windows\system32\LPK.dll
0x75d10000 - 0x75dad000 	Z:\Windows\system32\USP10.dll
0x76010000 - 0x7602f000 	Z:\Windows\system32\IMM32.DLL
0x75f40000 - 0x7600c000 	Z:\Windows\system32\MSCTF.dll
0x7c340000 - 0x7c396000 	Z:\Program Files\Java\jre6\bin\msvcr71.dll
0x6d7f0000 - 0x6da96000 	Z:\Program Files\Java\jre6\bin\client\jvm.dll
0x73340000 - 0x73372000 	Z:\Windows\system32\WINMM.dll
0x752d0000 - 0x7531b000 	Z:\Windows\system32\apphelp.dll
0x6d7a0000 - 0x6d7ac000 	Z:\Program Files\Java\jre6\bin\verify.dll
0x6d320000 - 0x6d33f000 	Z:\Program Files\Java\jre6\bin\java.dll
0x6d280000 - 0x6d288000 	Z:\Program Files\Java\jre6\bin\hpi.dll
0x77410000 - 0x77415000 	Z:\Windows\system32\PSAPI.DLL
0x6d7e0000 - 0x6d7ef000 	Z:\Program Files\Java\jre6\bin\zip.dll
0x6d000000 - 0x6d14a000 	Z:\Program Files\Java\jre6\bin\awt.dll
0x73860000 - 0x738b1000 	Z:\Windows\system32\WINSPOOL.DRV
0x756a0000 - 0x757fc000 	Z:\Windows\system32\ole32.dll
0x74300000 - 0x7449e000 	Z:\Windows\WinSxS\x86_microsoft.windows.common-controls_6595b64144ccf1df_6.0.7600.16661_none_420fe3fa2b8113bd\COMCTL32.dll
0x773b0000 - 0x77407000 	Z:\Windows\system32\SHLWAPI.dll
0x73fc0000 - 0x73fd3000 	Z:\Windows\system32\DWMAPI.DLL
0x74180000 - 0x741c0000 	Z:\Windows\system32\uxtheme.dll
0x6d230000 - 0x6d27f000 	Z:\Program Files\Java\jre6\bin\fontmanager.dll
0x75320000 - 0x7532c000 	Z:\Windows\system32\CRYPTBASE.dll
0x10000000 - 0x10038000 	Z:\Program Files\WIDCOMM\Bluetooth Software\btmmhook.dll
0x76600000 - 0x77249000 	Z:\Windows\system32\SHELL32.dll
0x75b40000 - 0x75bcf000 	Z:\Windows\system32\OLEAUT32.dll
0x75db0000 - 0x75e33000 	Z:\Windows\system32\CLBCatQ.DLL
0x74e50000 - 0x74e66000 	Z:\Windows\system32\CRYPTSP.dll
0x74bf0000 - 0x74c2b000 	Z:\Windows\system32\rsaenh.dll
0x74a00000 - 0x74a17000 	Z:\Windows\system32\USERENV.dll
0x753a0000 - 0x753ab000 	Z:\Windows\system32\profapi.dll
0x6d600000 - 0x6d613000 	Z:\Program Files\Java\jre6\bin\net.dll
0x75bd0000 - 0x75c05000 	Z:\Windows\system32\WS2_32.dll
0x75b30000 - 0x75b36000 	Z:\Windows\system32\NSI.dll
0x74e10000 - 0x74e4c000 	Z:\Windows\system32\mswsock.dll
0x74e00000 - 0x74e06000 	Z:\Windows\System32\wship6.dll
0x73a80000 - 0x73a90000 	Z:\Windows\system32\NLAapi.dll
0x74cd0000 - 0x74d14000 	Z:\Windows\system32\DNSAPI.dll
0x721e0000 - 0x721e8000 	Z:\Windows\System32\winrnr.dll
0x72780000 - 0x72790000 	Z:\Windows\system32\napinsp.dll
0x71f80000 - 0x71f92000 	Z:\Windows\system32\pnrpnsp.dll
0x71f70000 - 0x71f7d000 	Z:\Windows\system32\wshbth.dll
0x71fb0000 - 0x71fd5000 	Z:\Program Files\Bonjour\mdnsNSP.dll
0x736f0000 - 0x7370c000 	Z:\Windows\system32\Iphlpapi.DLL
0x736d0000 - 0x736d7000 	Z:\Windows\system32\WINNSI.DLL
0x74930000 - 0x74935000 	Z:\Windows\System32\wshtcpip.dll
0x71fa0000 - 0x71fa6000 	Z:\Windows\system32\rasadhlp.dll
0x730b0000 - 0x730e8000 	Z:\Windows\System32\fwpuclnt.dll
0x6d620000 - 0x6d629000 	Z:\Program Files\Java\jre6\bin\nio.dll
0x6d1a0000 - 0x6d1c3000 	Z:\Program Files\Java\jre6\bin\dcpr.dll

VM Arguments:
jvm_args: -Dfile.encoding=UTF-8 
java_command: at.easydiet.EasyDietApplication
Launcher Type: SUN_STANDARD

Environment Variables:
CLASSPATH=.;Z:\Program Files\Java\jre6\lib\ext\QTJava.zip
PATH=Z:/Program Files/Java/jre6/bin/client;Z:/Program Files/Java/jre6/bin;Z:/Program Files/Java/jre6/lib/i386;Z:\Windows\system32;Z:\Windows;Z:\Windows\System32\Wbem;Z:\Windows\System32\WindowsPowerShell\v1.0\;Z:\Program Files\Microsoft SQL Server\100\Tools\Binn\;Z:\Program Files\Microsoft SQL Server\100\DTS\Binn\;Z:\Program Files\Java\jdk1.6.0_22;Z:\Program Files\QuickTime\QTSystem\;Z:\Program Files\TortoiseGit\bin;Z:\Program Files\Git\cmd;Z:\Program Files\WIDCOMM\Bluetooth Software\;Z:\Program Files\Java\jdk1.6.0_22\bin
USERNAME=Simon Moosbrugger
OS=Windows_NT
PROCESSOR_IDENTIFIER=x86 Family 6 Model 23 Stepping 10, GenuineIntel



---------------  S Y S T E M  ---------------

OS: Windows 7 Build 7600 

CPU:total 2 (2 cores per cpu, 1 threads per core) family 6 model 23 stepping 10, cmov, cx8, fxsr, mmx, sse, sse2, sse3, ssse3, sse4.1

Memory: 4k page, physical 3043600k(1685076k free), swap 6085436k(4540868k free)

vm_info: Java HotSpot(TM) Client VM (19.1-b02) for windows-x86 JRE (1.6.0_24-b07), built on Feb  2 2011 17:44:41 by "java_re" with MS VC++ 7.1 (VS2003)

time: Wed Apr 27 09:03:54 2011
elapsed time: 6 seconds

