#
# A fatal error has been detected by the Java Runtime Environment:
#
#  EXCEPTION_ACCESS_VIOLATION (0xc0000005) at pc=0x6d8ea27e, pid=3244, tid=1316
#
# JRE version: 6.0_24-b07
# Java VM: Java HotSpot(TM) Client VM (19.1-b02 mixed mode, sharing windows-x86 )
# Problematic frame:
# V  [jvm.dll+0xfa27e]
#
# If you would like to submit a bug report, please visit:
#   http://java.sun.com/webapps/bugreport/crash.jsp
#

---------------  T H R E A D  ---------------

Current thread (0x03b78000):  JavaThread "Java2D Disposer" daemon [_thread_in_vm, id=1316, stack(0x03d60000,0x03db0000)]

siginfo: ExceptionCode=0xc0000005, reading address 0x00000000

Registers:
EAX=0x01814fc8, EBX=0x00000000, ECX=0x00000000, EDX=0x03daf8c0
ESP=0x03daf8b0, EBP=0x03daf944, ESI=0x03b78000, EDI=0x03b76670
EIP=0x6d8ea27e, EFLAGS=0x00010202

Register to memory mapping:

EAX=0x01814fc8
0x01814fc8 is pointing to unknown location

EBX=0x00000000
0x00000000 is pointing to unknown location

ECX=0x00000000
0x00000000 is pointing to unknown location

EDX=0x03daf8c0
0x03daf8c0 is pointing into the stack for thread: 0x03b78000
"Java2D Disposer" daemon prio=10 tid=0x03b78000 nid=0x524 runnable [0x03daf000]
   java.lang.Thread.State: RUNNABLE

ESP=0x03daf8b0
0x03daf8b0 is pointing into the stack for thread: 0x03b78000
"Java2D Disposer" daemon prio=10 tid=0x03b78000 nid=0x524 runnable [0x03daf000]
   java.lang.Thread.State: RUNNABLE

EBP=0x03daf944
0x03daf944 is pointing into the stack for thread: 0x03b78000
"Java2D Disposer" daemon prio=10 tid=0x03b78000 nid=0x524 runnable [0x03daf000]
   java.lang.Thread.State: RUNNABLE

ESI=0x03b78000
"Java2D Disposer" daemon prio=10 tid=0x03b78000 nid=0x524 runnable [0x03daf000]
   java.lang.Thread.State: RUNNABLE

EDI=0x03b76670
0x03b76670 is pointing to unknown location


Top of Stack: (sp=0x03daf8b0)
0x03daf8b0:   01804a94 03b78118 03b78000 9688ac59
0x03daf8c0:   01814fc8 017fc550 018007b4 00000008
0x03daf8d0:   03daf8c0 00000000 03dafbf8 6d9f2ae0
0x03daf8e0:   6da20100 ffffffff 03daf900 03daf8c0
0x03daf8f0:   03daf8e1 00000001 00000008 ffffff00
0x03daf900:   03daf93c 6d9b2e2e 03b78000 017fc400
0x03daf910:   03daf940 6d7f1086 03b78000 01808aa8
0x03daf920:   03b78000 03b78118 03daf91c 01813778 

Instructions: (pc=0x6d8ea27e)
0x6d8ea26e:   b0 8b 55 a8 8b 45 f4 89 04 8a ff 45 b0 8b 5d fc
0x6d8ea27e:   8b 03 8b 48 08 0f b7 51 2a 8b 40 0c 8b 4c 90 24 


Stack: [0x03d60000,0x03db0000],  sp=0x03daf8b0,  free space=318k
Native frames: (J=compiled Java code, j=interpreted, Vv=VM code, C=native code)
V  [jvm.dll+0xfa27e]
V  [jvm.dll+0xfd0c7]
C  [awt.dll+0x6c7cc]
j  java.awt.Cursor.finalizeImpl(J)V+0
j  java.awt.Cursor.access$000(J)V+1
j  java.awt.Cursor$CursorDisposer.dispose()V+13
j  sun.java2d.Disposer.run()V+26
j  java.lang.Thread.run()V+11
v  ~StubRoutines::call_stub
V  [jvm.dll+0xf0ab9]
V  [jvm.dll+0x1837d1]
V  [jvm.dll+0xf0c61]
V  [jvm.dll+0xf0cbb]
V  [jvm.dll+0x11b4b9]
V  [jvm.dll+0x1e4624]
V  [jvm.dll+0x18317c]
C  [msvcr71.dll+0x9565]
C  [kernel32.dll+0x51194]
C  [ntdll.dll+0x5b429]
C  [ntdll.dll+0x5b3fc]

Java frames: (J=compiled Java code, j=interpreted, Vv=VM code)
j  java.awt.Cursor.finalizeImpl(J)V+0
j  java.awt.Cursor.access$000(J)V+1
j  java.awt.Cursor$CursorDisposer.dispose()V+13
j  sun.java2d.Disposer.run()V+26
j  java.lang.Thread.run()V+11
v  ~StubRoutines::call_stub

---------------  P R O C E S S  ---------------

Java Threads: ( => current thread )
  0x03aa4000 JavaThread "Thread-1" daemon [_thread_in_native, id=4724, stack(0x040f0000,0x04140000)]
  0x0185cc00 JavaThread "AWT-EventQueue-0" [_thread_blocked, id=984, stack(0x04050000,0x040a0000)]
  0x01789c00 JavaThread "DestroyJavaVM" [_thread_blocked, id=6128, stack(0x00200000,0x00250000)]
  0x03be3c00 JavaThread "Timer-0" [_thread_blocked, id=3060, stack(0x03f50000,0x03fa0000)]
  0x03b79c00 JavaThread "AWT-Shutdown" [_thread_blocked, id=1184, stack(0x03eb0000,0x03f00000)]
=>0x03b78000 JavaThread "Java2D Disposer" daemon [_thread_in_vm, id=1316, stack(0x03d60000,0x03db0000)]
  0x0181b400 JavaThread "Low Memory Detector" daemon [_thread_blocked, id=3636, stack(0x039d0000,0x03a20000)]
  0x01811c00 JavaThread "CompilerThread0" daemon [_thread_blocked, id=3236, stack(0x03980000,0x039d0000)]
  0x0180e400 JavaThread "Attach Listener" daemon [_thread_blocked, id=2244, stack(0x03930000,0x03980000)]
  0x0180d400 JavaThread "Signal Dispatcher" daemon [_thread_blocked, id=5992, stack(0x038e0000,0x03930000)]
  0x01800c00 JavaThread "Finalizer" daemon [_thread_blocked, id=1952, stack(0x03890000,0x038e0000)]
  0x017fc400 JavaThread "Reference Handler" daemon [_thread_blocked, id=1168, stack(0x01700000,0x01750000)]

Other Threads:
  0x017c0800 VMThread [stack: 0x016b0000,0x01700000] [id=4716]
  0x01824800 WatcherThread [stack: 0x03a20000,0x03a70000] [id=3584]

VM state:not at safepoint (normal execution)

VM Mutex/Monitor currently owned by a thread: None

Heap
 def new generation   total 5568K, used 370K [0x237f0000, 0x23df0000, 0x28d40000)
  eden space 4992K,   0% used [0x237f0000, 0x237f8588, 0x23cd0000)
  from space 576K,  58% used [0x23d60000, 0x23db4308, 0x23df0000)
  to   space 576K,   0% used [0x23cd0000, 0x23cd0000, 0x23d60000)
 tenured generation   total 12156K, used 7441K [0x28d40000, 0x2991f000, 0x337f0000)
   the space 12156K,  61% used [0x28d40000, 0x29484558, 0x29484600, 0x2991f000)
 compacting perm gen  total 15872K, used 15656K [0x337f0000, 0x34770000, 0x377f0000)
   the space 15872K,  98% used [0x337f0000, 0x3473a1b8, 0x3473a200, 0x34770000)
    ro space 10240K,  51% used [0x377f0000, 0x37d1cf58, 0x37d1d000, 0x381f0000)
    rw space 12288K,  54% used [0x381f0000, 0x38888f50, 0x38889000, 0x38df0000)

Dynamic libraries:
0x00400000 - 0x00424000 	Z:\Program Files\Java\jre6\bin\javaw.exe
0x771e0000 - 0x7731d000 	Z:\Windows\SYSTEM32\ntdll.dll
0x76f60000 - 0x77034000 	Z:\Windows\system32\kernel32.dll
0x75400000 - 0x7544a000 	Z:\Windows\system32\KERNELBASE.dll
0x75e00000 - 0x75ea0000 	Z:\Windows\system32\ADVAPI32.dll
0x76c70000 - 0x76d1c000 	Z:\Windows\system32\msvcrt.dll
0x75ea0000 - 0x75eb9000 	Z:\Windows\SYSTEM32\sechost.dll
0x75630000 - 0x756d1000 	Z:\Windows\system32\RPCRT4.dll
0x75900000 - 0x759c9000 	Z:\Windows\system32\USER32.dll
0x75ca0000 - 0x75cee000 	Z:\Windows\system32\GDI32.dll
0x759d0000 - 0x759da000 	Z:\Windows\system32\LPK.dll
0x75a70000 - 0x75b0d000 	Z:\Windows\system32\USP10.dll
0x773f0000 - 0x7740f000 	Z:\Windows\system32\IMM32.DLL
0x75830000 - 0x758fc000 	Z:\Windows\system32\MSCTF.dll
0x7c340000 - 0x7c396000 	Z:\Program Files\Java\jre6\bin\msvcr71.dll
0x6d7f0000 - 0x6da96000 	Z:\Program Files\Java\jre6\bin\client\jvm.dll
0x73160000 - 0x73192000 	Z:\Windows\system32\WINMM.dll
0x75260000 - 0x752ab000 	Z:\Windows\system32\apphelp.dll
0x6d7a0000 - 0x6d7ac000 	Z:\Program Files\Java\jre6\bin\verify.dll
0x6d320000 - 0x6d33f000 	Z:\Program Files\Java\jre6\bin\java.dll
0x6d280000 - 0x6d288000 	Z:\Program Files\Java\jre6\bin\hpi.dll
0x77320000 - 0x77325000 	Z:\Windows\system32\PSAPI.DLL
0x6d7e0000 - 0x6d7ef000 	Z:\Program Files\Java\jre6\bin\zip.dll
0x6d000000 - 0x6d14a000 	Z:\Program Files\Java\jre6\bin\awt.dll
0x73b30000 - 0x73b81000 	Z:\Windows\system32\WINSPOOL.DRV
0x76b10000 - 0x76c6c000 	Z:\Windows\system32\ole32.dll
0x742c0000 - 0x7445e000 	Z:\Windows\WinSxS\x86_microsoft.windows.common-controls_6595b64144ccf1df_6.0.7600.16661_none_420fe3fa2b8113bd\COMCTL32.dll
0x77390000 - 0x773e7000 	Z:\Windows\system32\SHLWAPI.dll
0x73e10000 - 0x73e23000 	Z:\Windows\system32\DWMAPI.DLL
0x74110000 - 0x74150000 	Z:\Windows\system32\uxtheme.dll
0x6d230000 - 0x6d27f000 	Z:\Program Files\Java\jre6\bin\fontmanager.dll
0x752b0000 - 0x752bc000 	Z:\Windows\system32\CRYPTBASE.dll
0x10000000 - 0x10038000 	Z:\Program Files\WIDCOMM\Bluetooth Software\btmmhook.dll
0x75ec0000 - 0x76b09000 	Z:\Windows\system32\SHELL32.dll
0x759e0000 - 0x75a6f000 	Z:\Windows\system32\OLEAUT32.dll
0x75c10000 - 0x75c93000 	Z:\Windows\system32\CLBCatQ.DLL
0x74de0000 - 0x74df6000 	Z:\Windows\system32\CRYPTSP.dll
0x74b80000 - 0x74bbb000 	Z:\Windows\system32\rsaenh.dll
0x74990000 - 0x749a7000 	Z:\Windows\system32\USERENV.dll
0x75330000 - 0x7533b000 	Z:\Windows\system32\profapi.dll
0x6d600000 - 0x6d613000 	Z:\Program Files\Java\jre6\bin\net.dll
0x76f20000 - 0x76f55000 	Z:\Windows\system32\WS2_32.dll
0x77330000 - 0x77336000 	Z:\Windows\system32\NSI.dll
0x74da0000 - 0x74ddc000 	Z:\Windows\system32\mswsock.dll
0x74d90000 - 0x74d96000 	Z:\Windows\System32\wship6.dll
0x73a40000 - 0x73a50000 	Z:\Windows\system32\NLAapi.dll
0x74c60000 - 0x74ca4000 	Z:\Windows\system32\DNSAPI.dll
0x72170000 - 0x72178000 	Z:\Windows\System32\winrnr.dll
0x72160000 - 0x72170000 	Z:\Windows\system32\napinsp.dll
0x72140000 - 0x72152000 	Z:\Windows\system32\pnrpnsp.dll
0x72130000 - 0x7213d000 	Z:\Windows\system32\wshbth.dll
0x72100000 - 0x72125000 	Z:\Program Files\Bonjour\mdnsNSP.dll
0x73690000 - 0x736ac000 	Z:\Windows\system32\Iphlpapi.DLL
0x73670000 - 0x73677000 	Z:\Windows\system32\WINNSI.DLL
0x748c0000 - 0x748c5000 	Z:\Windows\System32\wshtcpip.dll
0x720d0000 - 0x720d6000 	Z:\Windows\system32\rasadhlp.dll
0x73530000 - 0x73568000 	Z:\Windows\System32\fwpuclnt.dll
0x6d620000 - 0x6d629000 	Z:\Program Files\Java\jre6\bin\nio.dll
0x6d1a0000 - 0x6d1c3000 	Z:\Program Files\Java\jre6\bin\dcpr.dll

VM Arguments:
jvm_args: -Dfile.encoding=UTF-8 
java_command: org.apache.pivot.wtk.DesktopApplicationContext at.easydiet.EasyDietApplication
Launcher Type: SUN_STANDARD

Environment Variables:
CLASSPATH=.;Z:\Program Files\Java\jre6\lib\ext\QTJava.zip
PATH=Z:/Program Files/Java/jre6/bin/client;Z:/Program Files/Java/jre6/bin;Z:/Program Files/Java/jre6/lib/i386;Z:\Windows\system32;Z:\Windows;Z:\Windows\System32\Wbem;Z:\Windows\System32\WindowsPowerShell\v1.0\;Z:\Program Files\Microsoft SQL Server\100\Tools\Binn\;Z:\Program Files\Microsoft SQL Server\100\DTS\Binn\;Z:\Program Files\Java\jdk1.6.0_22;Z:\Program Files\QuickTime\QTSystem\;Z:\Program Files\TortoiseGit\bin;Z:\Program Files\Git\cmd;Z:\Program Files\WIDCOMM\Bluetooth Software\;Z:\Program Files\Java\jdk1.6.0_22\bin
USERNAME=Simon Moosbrugger
OS=Windows_NT
PROCESSOR_IDENTIFIER=x86 Family 6 Model 23 Stepping 10, GenuineIntel



---------------  S Y S T E M  ---------------

OS: Windows 7 Build 7600 

CPU:total 2 (2 cores per cpu, 1 threads per core) family 6 model 23 stepping 10, cmov, cx8, fxsr, mmx, sse, sse2, sse3, ssse3, sse4.1

Memory: 4k page, physical 3043600k(1133316k free), swap 6085436k(3921812k free)

vm_info: Java HotSpot(TM) Client VM (19.1-b02) for windows-x86 JRE (1.6.0_24-b07), built on Feb  2 2011 17:44:41 by "java_re" with MS VC++ 7.1 (VS2003)

time: Mon Apr 25 13:02:25 2011
elapsed time: 273 seconds

